c:\users\4nkzy\desktop\projetraytracing\projetraytracing\debug\vc142.pdb
c:\users\4nkzy\desktop\projetraytracing\projetraytracing\debug\vc142.idb
c:\users\4nkzy\desktop\projetraytracing\projetraytracing\debug\vec3.obj
c:\users\4nkzy\desktop\projetraytracing\projetraytracing\debug\main.obj
c:\users\4nkzy\desktop\projetraytracing\projetraytracing\debug\sphere.obj
c:\users\4nkzy\desktop\projetraytracing\projetraytracing\debug\scene.obj
c:\users\4nkzy\desktop\projetraytracing\projetraytracing\debug\ray.obj
c:\users\4nkzy\desktop\projetraytracing\projetraytracing\debug\objet.obj
c:\users\4nkzy\desktop\projetraytracing\projetraytracing\debug\mat.obj
c:\users\4nkzy\desktop\projetraytracing\projetraytracing\debug\light.obj
c:\users\4nkzy\desktop\projetraytracing\projetraytracing\debug\intersect.obj
c:\users\4nkzy\desktop\projetraytracing\projetraytracing\debug\camera.obj
c:\users\4nkzy\desktop\projetraytracing\debug\projetraytracing.exe
c:\users\4nkzy\desktop\projetraytracing\debug\projetraytracing.ilk
c:\users\4nkzy\desktop\projetraytracing\debug\projetraytracing.pdb
c:\users\4nkzy\desktop\projetraytracing\debug\projetraytracing.lib
c:\users\4nkzy\desktop\projetraytracing\debug\projetraytracing.exp
c:\users\4nkzy\desktop\projetraytracing\projetraytracing\debug\projetraytracing.tlog\cl.command.1.tlog
c:\users\4nkzy\desktop\projetraytracing\projetraytracing\debug\projetraytracing.tlog\cl.read.1.tlog
c:\users\4nkzy\desktop\projetraytracing\projetraytracing\debug\projetraytracing.tlog\cl.write.1.tlog
c:\users\4nkzy\desktop\projetraytracing\projetraytracing\debug\projetraytracing.tlog\link.command.1.tlog
c:\users\4nkzy\desktop\projetraytracing\projetraytracing\debug\projetraytracing.tlog\link.delete.1.tlog
c:\users\4nkzy\desktop\projetraytracing\projetraytracing\debug\projetraytracing.tlog\link.read.1.tlog
c:\users\4nkzy\desktop\projetraytracing\projetraytracing\debug\projetraytracing.tlog\link.write.1.tlog
c:\users\4nkzy\desktop\projetraytracing\projetraytracing\debug\projetraytracing.tlog\projetraytracing.write.1u.tlog
